0 info it worked if it ends with ok
1 verbose cli [ '/usr/local/bin/node', '/usr/local/bin/npm', 'publish' ]
2 info using npm@2.14.20
3 info using node@v4.4.0
4 verbose publish [ '.' ]
5 silly cache add args [ '.', null ]
6 verbose cache add spec .
7 silly cache add parsed spec Result {
7 silly cache add   raw: '.',
7 silly cache add   scope: null,
7 silly cache add   name: null,
7 silly cache add   rawSpec: '.',
7 silly cache add   spec: '/Users/edu/github/microbank/src/common/chaos_router',
7 silly cache add   type: 'directory' }
8 verbose addLocalDirectory /Users/edu/.npm/patrocinio_chaos_router/0.1.0/package.tgz not in flight; packing
9 verbose correctMkdir /Users/edu/.npm correctMkdir not in flight; initializing
10 verbose tar pack [ '/Users/edu/.npm/patrocinio_chaos_router/0.1.0/package.tgz',
10 verbose tar pack   '/Users/edu/github/microbank/src/common/chaos_router' ]
11 verbose tarball /Users/edu/.npm/patrocinio_chaos_router/0.1.0/package.tgz
12 verbose folder /Users/edu/github/microbank/src/common/chaos_router
13 info prepublish patrocinio_chaos_router@0.1.0
14 verbose addLocalTarball adding from inside cache /Users/edu/.npm/patrocinio_chaos_router/0.1.0/package.tgz
15 verbose correctMkdir /Users/edu/.npm correctMkdir not in flight; initializing
16 silly cache afterAdd patrocinio_chaos_router@0.1.0
17 verbose afterAdd /Users/edu/.npm/patrocinio_chaos_router/0.1.0/package/package.json not in flight; writing
18 verbose correctMkdir /Users/edu/.npm correctMkdir not in flight; initializing
19 verbose afterAdd /Users/edu/.npm/patrocinio_chaos_router/0.1.0/package/package.json written
20 silly publish { name: 'patrocinio_chaos_router',
20 silly publish   main: 'chaos_router.js',
20 silly publish   version: '0.1.0',
20 silly publish   readme: 'ERROR: No README data found!',
20 silly publish   _id: 'patrocinio_chaos_router@0.1.0',
20 silly publish   scripts: {},
20 silly publish   _shasum: '0df57c10bc5a598a6b103639b0a8db8118bf580d',
20 silly publish   _from: '.' }
21 verbose getPublishConfig undefined
22 silly mapToRegistry name patrocinio_chaos_router
23 silly mapToRegistry using default registry
24 silly mapToRegistry registry https://registry.npmjs.org/
25 silly mapToRegistry uri https://registry.npmjs.org/patrocinio_chaos_router
26 verbose publish registryBase https://registry.npmjs.org/
27 silly publish uploading /Users/edu/.npm/patrocinio_chaos_router/0.1.0/package.tgz
28 verbose request uri https://registry.npmjs.org/patrocinio_chaos_router
29 verbose request sending authorization for write operation
30 info attempt registry request try #1 at 3:42:24 PM
31 verbose request using bearer token for auth
32 verbose request id 2bb7ed29950d7fc4
33 http request PUT https://registry.npmjs.org/patrocinio_chaos_router
34 http 403 https://registry.npmjs.org/patrocinio_chaos_router
35 verbose headers { 'content-type': 'application/json',
35 verbose headers   'cache-control': 'max-age=300',
35 verbose headers   'content-length': '91',
35 verbose headers   'accept-ranges': 'bytes',
35 verbose headers   date: 'Thu, 28 Dec 2017 18:42:25 GMT',
35 verbose headers   via: '1.1 varnish',
35 verbose headers   connection: 'keep-alive',
35 verbose headers   'x-served-by': 'cache-gru17130-GRU',
35 verbose headers   'x-cache': 'MISS',
35 verbose headers   'x-cache-hits': '0',
35 verbose headers   'x-timer': 'S1514486545.937679,VS0,VE460',
35 verbose headers   vary: 'Accept-Encoding, Accept' }
36 verbose request invalidating /Users/edu/.npm/registry.npmjs.org/patrocinio_chaos_router on PUT
37 error publish Failed PUT 403
38 verbose stack Error: You cannot publish over the previously published version 0.1.0. : patrocinio_chaos_router
38 verbose stack     at makeError (/usr/local/lib/node_modules/npm/node_modules/npm-registry-client/lib/request.js:264:12)
38 verbose stack     at CachingRegistryClient.<anonymous> (/usr/local/lib/node_modules/npm/node_modules/npm-registry-client/lib/request.js:252:14)
38 verbose stack     at Request._callback (/usr/local/lib/node_modules/npm/node_modules/npm-registry-client/lib/request.js:172:14)
38 verbose stack     at Request.self.callback (/usr/local/lib/node_modules/npm/node_modules/request/request.js:199:22)
38 verbose stack     at emitTwo (events.js:87:13)
38 verbose stack     at Request.emit (events.js:172:7)
38 verbose stack     at Request.<anonymous> (/usr/local/lib/node_modules/npm/node_modules/request/request.js:1036:10)
38 verbose stack     at emitOne (events.js:82:20)
38 verbose stack     at Request.emit (events.js:169:7)
38 verbose stack     at IncomingMessage.<anonymous> (/usr/local/lib/node_modules/npm/node_modules/request/request.js:963:12)
39 verbose statusCode 403
40 verbose pkgid patrocinio_chaos_router
41 verbose cwd /Users/edu/github/microbank/src/common/chaos_router
42 error Darwin 17.3.0
43 error argv "/usr/local/bin/node" "/usr/local/bin/npm" "publish"
44 error node v4.4.0
45 error npm  v2.14.20
46 error code E403
47 error You cannot publish over the previously published version 0.1.0. : patrocinio_chaos_router
48 error If you need help, you may report this error at:
48 error     <https://github.com/npm/npm/issues>
49 verbose exit [ 1, true ]
